2025-01-23T23:37:39.942Z [info] Connected to MongoDB...
2025-01-23T23:39:40.868Z [info] Connected to MongoDB...
2025-01-23T23:41:04.064Z [error] MongoParseError: Invalid scheme, expected connection string to start with "mongodb://" or "mongodb+srv://"
    at new ConnectionString (C:\Users\User\Documents\LEARNING\JS\codewithme\GENRES\node_modules\mongodb-connection-string-url\lib\index.js:86:19)
    at parseOptions (C:\Users\User\Documents\LEARNING\JS\codewithme\GENRES\node_modules\mongodb\lib\connection_string.js:185:17)
    at new MongoClient (C:\Users\User\Documents\LEARNING\JS\codewithme\GENRES\node_modules\mongodb\lib\mongo_client.js:53:63)
    at NativeConnection.createClient (C:\Users\User\Documents\LEARNING\JS\codewithme\GENRES\node_modules\mongoose\lib\drivers\node-mongodb-native\connection.js:312:14)
    at NativeConnection.openUri (C:\Users\User\Documents\LEARNING\JS\codewithme\GENRES\node_modules\mongoose\lib\connection.js:1016:34)
    at Mongoose.connect (C:\Users\User\Documents\LEARNING\JS\codewithme\GENRES\node_modules\mongoose\lib\mongoose.js:446:15)
    at connectDB (C:\Users\User\Documents\LEARNING\JS\codewithme\GENRES\startup\db.js:8:20)
    at Object.<anonymous> (C:\Users\User\Documents\LEARNING\JS\codewithme\GENRES\app.js:6:1)
    at Module._compile (node:internal/modules/cjs/loader:1566:14)
    at Object..js (node:internal/modules/cjs/loader:1718:10)
2025-01-23T23:42:09.613Z [info] Connected to MongoDB...
2025-01-23T23:43:34.254Z [info] Connected to MongoDB...
2025-01-23T23:44:39.723Z [info] Connected to MongoDB...
2025-01-23T23:46:34.587Z [info] Connected to MongoDB...
2025-01-23T23:47:12.334Z [info] Connected to MongoDB...
2025-01-23T23:53:52.841Z [info] Connected to MongoDB...
2025-01-23T23:54:52.711Z [info] Connected to MongoDB...
2025-01-23T23:59:10.373Z [info] Connected to MongoDB...
2025-01-23T23:59:34.482Z [info] Connected to MongoDB...
2025-01-24T00:00:01.897Z [info] Connected to MongoDB...
2025-01-24T00:00:19.738Z [info] Connected to MongoDB...
2025-01-24T00:00:29.396Z [info] Connected to MongoDB...
2025-01-24T00:01:22.687Z [info] Connected to MongoDB...
2025-01-24T00:02:37.208Z [info] Connected to MongoDB...
2025-01-24T00:03:02.909Z [info] Connected to MongoDB...
2025-01-24T00:03:40.702Z [info] Connected to MongoDB...
2025-01-24T00:04:31.978Z [info] Connected to MongoDB...
2025-01-24T00:05:43.216Z [info] Connected to MongoDB...
2025-01-24T00:06:23.968Z [info] Connected to MongoDB...
2025-01-24T00:07:20.427Z [info] Connected to MongoDB...
2025-01-24T00:07:44.603Z [info] Connected to MongoDB...
2025-01-24T00:08:32.180Z [info] Connected to MongoDB...
2025-01-24T00:09:06.289Z [info] Connected to MongoDB...
2025-01-24T00:09:11.509Z [info] Connected to MongoDB...
2025-01-24T00:10:28.141Z [info] Connected to MongoDB...
2025-01-24T00:10:51.232Z [info] Server started on port 5000
2025-01-24T00:10:51.256Z [info] Connected to MongoDB...
2025-01-24T00:12:27.751Z [info] Server started on port 5000
2025-01-24T00:12:27.775Z [info] Connected to MongoDB...
2025-01-24T00:13:01.085Z [info] Server started on port 5000
2025-01-24T00:13:01.102Z [info] Connected to MongoDB...
2025-01-24T00:17:42.911Z [info] Server started on port 5000
2025-01-24T00:17:42.927Z [info] Connected to MongoDB...
2025-01-24T00:19:41.375Z [[32minfo[39m] Server started on port 5000
2025-01-24T00:19:41.391Z [[32minfo[39m] Connected to MongoDB...
2025-01-24T00:20:03.076Z [info] Server started on port 5000
2025-01-24T00:20:03.093Z [info] Connected to MongoDB...
2025-01-24T00:20:08.574Z [[32minfo[39m] Server started on port 5000
2025-01-24T00:20:08.589Z [[32minfo[39m] Connected to MongoDB...
2025-01-24T00:21:12.889Z [[32minfo[39m] Server started on port 5000
2025-01-24T00:21:12.904Z [[32minfo[39m] Connected to MongoDB...
2025-01-24T00:21:41.663Z [[32minfo[39m] Server started on port 5000
2025-01-24T00:21:41.677Z [[32minfo[39m] Connected to MongoDB...
2025-01-24T00:22:08.274Z [[32minfo[39m] Server started on port 5000
2025-01-24T00:28:08.125Z [[32minfo[39m] Server started on port 5000
{
  message: 'Server started on port 5000',
  level: '\x1B[32minfo\x1B[39m',
  timestamp: '2025-01-24T00:28:55.022Z'
}
{
  message: 'Server started on port 5000',
  level: '\x1B[32minfo\x1B[39m',
  timestamp: '2025-01-24T00:30:45.966Z'
}
{
  message: 'Connected to MongoDB...',
  level: '\x1B[32minfo\x1B[39m',
  timestamp: '2025-01-24T00:30:45.984Z'
}
2025-01-24T00:31:13.689Z [[32minfo[39m] Server started on port 5000
2025-01-24T00:31:13.710Z [[32minfo[39m] Connected to MongoDB...
